
*** Running vivado
    with args -log BRAM_LUT.vds -m64 -product Vivado -mode batch -messageDb vivado.pb -notrace -source BRAM_LUT.tcl


****** Vivado v2020.2 (64-bit)
  **** SW Build 3064766 on Wed Nov 18 09:12:47 MST 2020
  **** IP Build 3064653 on Wed Nov 18 14:17:31 MST 2020
    ** Copyright 1986-2020 Xilinx, Inc. All Rights Reserved.

source BRAM_LUT.tcl -notrace
Command: synth_design -top BRAM_LUT -part xc7a35tcpg236-1
Starting synth_design
Attempting to get a license for feature 'Synthesis' and/or device 'xc7a35t'
INFO: [Common 17-349] Got license for feature 'Synthesis' and/or device 'xc7a35t'
INFO: [Device 21-403] Loading part xc7a35tcpg236-1
INFO: [Synth 8-7079] Multithreading enabled for synth_design using a maximum of 4 processes.
INFO: [Synth 8-7078] Launching helper process for spawning children vivado processes
INFO: [Synth 8-7075] Helper process launched with PID 98201
---------------------------------------------------------------------------------
Starting RTL Elaboration : Time (s): cpu = 00:00:05 ; elapsed = 00:00:06 . Memory (MB): peak = 2366.496 ; gain = 0.000 ; free physical = 1553 ; free virtual = 8228
---------------------------------------------------------------------------------
INFO: [Synth 8-638] synthesizing module 'BRAM_LUT' [/home/richard/Vivado/practica6/practica6.srcs/sources_1/new/distr_RAM_4.vhd:48]
INFO: [Synth 8-256] done synthesizing module 'BRAM_LUT' (1#1) [/home/richard/Vivado/practica6/practica6.srcs/sources_1/new/distr_RAM_4.vhd:48]
---------------------------------------------------------------------------------
Finished RTL Elaboration : Time (s): cpu = 00:00:06 ; elapsed = 00:00:08 . Memory (MB): peak = 2366.496 ; gain = 0.000 ; free physical = 2276 ; free virtual = 8951
---------------------------------------------------------------------------------
---------------------------------------------------------------------------------
Start Handling Custom Attributes
---------------------------------------------------------------------------------
---------------------------------------------------------------------------------
Finished Handling Custom Attributes : Time (s): cpu = 00:00:07 ; elapsed = 00:00:08 . Memory (MB): peak = 2366.496 ; gain = 0.000 ; free physical = 2336 ; free virtual = 9011
---------------------------------------------------------------------------------
---------------------------------------------------------------------------------
Finished RTL Optimization Phase 1 : Time (s): cpu = 00:00:07 ; elapsed = 00:00:08 . Memory (MB): peak = 2366.496 ; gain = 0.000 ; free physical = 2336 ; free virtual = 9011
---------------------------------------------------------------------------------
Netlist sorting complete. Time (s): cpu = 00:00:00 ; elapsed = 00:00:00 . Memory (MB): peak = 2366.496 ; gain = 0.000 ; free physical = 2329 ; free virtual = 9004
INFO: [Project 1-570] Preparing netlist for logic optimization

Processing XDC Constraints
Initializing timing engine
Parsing XDC File [/home/richard/Vivado/practica6/practica6.srcs/constrs_1/new/constraints_ram.xdc]
Finished Parsing XDC File [/home/richard/Vivado/practica6/practica6.srcs/constrs_1/new/constraints_ram.xdc]
INFO: [Project 1-236] Implementation specific constraints were found while reading constraint file [/home/richard/Vivado/practica6/practica6.srcs/constrs_1/new/constraints_ram.xdc]. These constraints will be ignored for synthesis but will be used in implementation. Impacted constraints are listed in the file [.Xil/BRAM_LUT_propImpl.xdc].
Resolution: To avoid this warning, move constraints listed in [.Xil/BRAM_LUT_propImpl.xdc] to another XDC file and exclude this new file from synthesis with the used_in_synthesis property (File Properties dialog in GUI) and re-run elaboration/synthesis.
Completed Processing XDC Constraints

Netlist sorting complete. Time (s): cpu = 00:00:00 ; elapsed = 00:00:00 . Memory (MB): peak = 2398.512 ; gain = 0.000 ; free physical = 2243 ; free virtual = 8918
INFO: [Project 1-111] Unisim Transformation Summary:
No Unisim elements were transformed.

Constraint Validation Runtime : Time (s): cpu = 00:00:00 ; elapsed = 00:00:00 . Memory (MB): peak = 2398.512 ; gain = 0.000 ; free physical = 2243 ; free virtual = 8918
---------------------------------------------------------------------------------
Finished Constraint Validation : Time (s): cpu = 00:00:14 ; elapsed = 00:00:17 . Memory (MB): peak = 2398.512 ; gain = 32.016 ; free physical = 2310 ; free virtual = 8985
---------------------------------------------------------------------------------
---------------------------------------------------------------------------------
Start Loading Part and Timing Information
---------------------------------------------------------------------------------
Loading part: xc7a35tcpg236-1
---------------------------------------------------------------------------------
Finished Loading Part and Timing Information : Time (s): cpu = 00:00:14 ; elapsed = 00:00:17 . Memory (MB): peak = 2398.512 ; gain = 32.016 ; free physical = 2310 ; free virtual = 8985
---------------------------------------------------------------------------------
---------------------------------------------------------------------------------
Start Applying 'set_property' XDC Constraints
---------------------------------------------------------------------------------
---------------------------------------------------------------------------------
Finished applying 'set_property' XDC Constraints : Time (s): cpu = 00:00:14 ; elapsed = 00:00:17 . Memory (MB): peak = 2398.512 ; gain = 32.016 ; free physical = 2310 ; free virtual = 8985
---------------------------------------------------------------------------------
---------------------------------------------------------------------------------
Finished RTL Optimization Phase 2 : Time (s): cpu = 00:00:15 ; elapsed = 00:00:17 . Memory (MB): peak = 2398.512 ; gain = 32.016 ; free physical = 2310 ; free virtual = 8987
---------------------------------------------------------------------------------
---------------------------------------------------------------------------------
Start RTL Component Statistics 
---------------------------------------------------------------------------------
Detailed RTL Component Info : 
+---Registers : 
	               32 Bit    Registers := 1     
---------------------------------------------------------------------------------
Finished RTL Component Statistics 
---------------------------------------------------------------------------------
---------------------------------------------------------------------------------
Start Part Resource Summary
---------------------------------------------------------------------------------
Part Resources:
DSPs: 90 (col length:60)
BRAMs: 100 (col length: RAMB18 60 RAMB36 30)
---------------------------------------------------------------------------------
Finished Part Resource Summary
---------------------------------------------------------------------------------
---------------------------------------------------------------------------------
Start Cross Boundary and Area Optimization
---------------------------------------------------------------------------------
---------------------------------------------------------------------------------
Finished Cross Boundary and Area Optimization : Time (s): cpu = 00:00:19 ; elapsed = 00:00:21 . Memory (MB): peak = 2398.512 ; gain = 32.016 ; free physical = 2251 ; free virtual = 8931
---------------------------------------------------------------------------------
---------------------------------------------------------------------------------
Start ROM, RAM, DSP, Shift Register and Retiming Reporting
---------------------------------------------------------------------------------

Distributed RAM: Preliminary Mapping	Report (see note below)
+------------+------------+----------------+----------------------+-------------------+
|Module Name | RTL Object | Inference      | Size (Depth x Width) | Primitives        | 
+------------+------------+----------------+----------------------+-------------------+
|BRAM_LUT    | RAM0_reg   | User Attribute | 16 K x 32            | RAM256X1S x 2048	 | 
+------------+------------+----------------+----------------------+-------------------+

Note: The table above is a preliminary report that shows the Distributed RAMs at the current stage of the synthesis flow. Some Distributed RAMs may be reimplemented as non Distributed RAM primitives later in the synthesis flow. Multiple instantiated RAMs are reported only once.
---------------------------------------------------------------------------------
Finished ROM, RAM, DSP, Shift Register and Retiming Reporting
---------------------------------------------------------------------------------
---------------------------------------------------------------------------------
Start Applying XDC Timing Constraints
---------------------------------------------------------------------------------
---------------------------------------------------------------------------------
Finished Applying XDC Timing Constraints : Time (s): cpu = 00:00:26 ; elapsed = 00:00:29 . Memory (MB): peak = 2398.512 ; gain = 32.016 ; free physical = 2156 ; free virtual = 8837
---------------------------------------------------------------------------------
---------------------------------------------------------------------------------
Start Timing Optimization
---------------------------------------------------------------------------------
---------------------------------------------------------------------------------
Finished Timing Optimization : Time (s): cpu = 00:00:27 ; elapsed = 00:00:30 . Memory (MB): peak = 2398.512 ; gain = 32.016 ; free physical = 2142 ; free virtual = 8822
---------------------------------------------------------------------------------
---------------------------------------------------------------------------------
Start ROM, RAM, DSP, Shift Register and Retiming Reporting
---------------------------------------------------------------------------------

Distributed RAM: Final Mapping	Report
+------------+------------+----------------+----------------------+-------------------+
|Module Name | RTL Object | Inference      | Size (Depth x Width) | Primitives        | 
+------------+------------+----------------+----------------------+-------------------+
|BRAM_LUT    | RAM0_reg   | User Attribute | 16 K x 32            | RAM256X1S x 2048	 | 
+------------+------------+----------------+----------------------+-------------------+

---------------------------------------------------------------------------------
Finished ROM, RAM, DSP, Shift Register and Retiming Reporting
---------------------------------------------------------------------------------
---------------------------------------------------------------------------------
Start Technology Mapping
---------------------------------------------------------------------------------
---------------------------------------------------------------------------------
Finished Technology Mapping : Time (s): cpu = 00:00:29 ; elapsed = 00:00:32 . Memory (MB): peak = 2398.512 ; gain = 32.016 ; free physical = 2125 ; free virtual = 8805
---------------------------------------------------------------------------------
---------------------------------------------------------------------------------
Start IO Insertion
---------------------------------------------------------------------------------
---------------------------------------------------------------------------------
Start Flattening Before IO Insertion
---------------------------------------------------------------------------------
---------------------------------------------------------------------------------
Finished Flattening Before IO Insertion
---------------------------------------------------------------------------------
---------------------------------------------------------------------------------
Start Final Netlist Cleanup
---------------------------------------------------------------------------------
---------------------------------------------------------------------------------
Finished Final Netlist Cleanup
---------------------------------------------------------------------------------
---------------------------------------------------------------------------------
Finished IO Insertion : Time (s): cpu = 00:00:33 ; elapsed = 00:00:36 . Memory (MB): peak = 2398.512 ; gain = 32.016 ; free physical = 2142 ; free virtual = 8822
---------------------------------------------------------------------------------
---------------------------------------------------------------------------------
Start Renaming Generated Instances
---------------------------------------------------------------------------------
---------------------------------------------------------------------------------
Finished Renaming Generated Instances : Time (s): cpu = 00:00:33 ; elapsed = 00:00:36 . Memory (MB): peak = 2398.512 ; gain = 32.016 ; free physical = 2142 ; free virtual = 8822
---------------------------------------------------------------------------------
---------------------------------------------------------------------------------
Start Rebuilding User Hierarchy
---------------------------------------------------------------------------------
---------------------------------------------------------------------------------
Finished Rebuilding User Hierarchy : Time (s): cpu = 00:00:33 ; elapsed = 00:00:36 . Memory (MB): peak = 2398.512 ; gain = 32.016 ; free physical = 2142 ; free virtual = 8822
---------------------------------------------------------------------------------
---------------------------------------------------------------------------------
Start Renaming Generated Ports
---------------------------------------------------------------------------------
---------------------------------------------------------------------------------
Finished Renaming Generated Ports : Time (s): cpu = 00:00:33 ; elapsed = 00:00:36 . Memory (MB): peak = 2398.512 ; gain = 32.016 ; free physical = 2142 ; free virtual = 8822
---------------------------------------------------------------------------------
---------------------------------------------------------------------------------
Start Handling Custom Attributes
---------------------------------------------------------------------------------
---------------------------------------------------------------------------------
Finished Handling Custom Attributes : Time (s): cpu = 00:00:33 ; elapsed = 00:00:36 . Memory (MB): peak = 2398.512 ; gain = 32.016 ; free physical = 2142 ; free virtual = 8822
---------------------------------------------------------------------------------
---------------------------------------------------------------------------------
Start Renaming Generated Nets
---------------------------------------------------------------------------------
---------------------------------------------------------------------------------
Finished Renaming Generated Nets : Time (s): cpu = 00:00:33 ; elapsed = 00:00:36 . Memory (MB): peak = 2398.512 ; gain = 32.016 ; free physical = 2142 ; free virtual = 8822
---------------------------------------------------------------------------------
---------------------------------------------------------------------------------
Start Writing Synthesis Report
---------------------------------------------------------------------------------

Report BlackBoxes: 
+-+--------------+----------+
| |BlackBox name |Instances |
+-+--------------+----------+
+-+--------------+----------+

Report Cell Usage: 
+------+----------+------+
|      |Cell      |Count |
+------+----------+------+
|1     |BUFG      |     1|
|2     |LUT2      |     9|
|3     |LUT3      |     4|
|4     |LUT4      |    20|
|5     |LUT5      |    16|
|6     |LUT6      |   588|
|7     |MUXF7     |   256|
|8     |MUXF8     |   128|
|9     |RAM256X1S |  2048|
|10    |FDRE      |    32|
|11    |IBUF      |    49|
|12    |OBUF      |    32|
+------+----------+------+
---------------------------------------------------------------------------------
Finished Writing Synthesis Report : Time (s): cpu = 00:00:33 ; elapsed = 00:00:36 . Memory (MB): peak = 2398.512 ; gain = 32.016 ; free physical = 2142 ; free virtual = 8822
---------------------------------------------------------------------------------
Synthesis finished with 0 errors, 0 critical warnings and 0 warnings.
Synthesis Optimization Runtime : Time (s): cpu = 00:00:31 ; elapsed = 00:00:34 . Memory (MB): peak = 2398.512 ; gain = 0.000 ; free physical = 2196 ; free virtual = 8876
Synthesis Optimization Complete : Time (s): cpu = 00:00:33 ; elapsed = 00:00:36 . Memory (MB): peak = 2398.520 ; gain = 32.016 ; free physical = 2196 ; free virtual = 8876
INFO: [Project 1-571] Translating synthesized netlist
Netlist sorting complete. Time (s): cpu = 00:00:00.07 ; elapsed = 00:00:00.08 . Memory (MB): peak = 2398.520 ; gain = 0.000 ; free physical = 2285 ; free virtual = 8966
INFO: [Netlist 29-17] Analyzing 2432 Unisim elements for replacement
INFO: [Netlist 29-28] Unisim Transformation completed in 1 CPU seconds
WARNING: [Netlist 29-101] Netlist 'BRAM_LUT' is not ideal for floorplanning, since the cellview 'BRAM_LUT' contains a large number of primitives.  Please consider enabling hierarchy in synthesis if you want to do floorplanning.
INFO: [Project 1-570] Preparing netlist for logic optimization
INFO: [Opt 31-138] Pushed 0 inverter(s) to 0 load pin(s).
Netlist sorting complete. Time (s): cpu = 00:00:00.01 ; elapsed = 00:00:00.01 . Memory (MB): peak = 2398.520 ; gain = 0.000 ; free physical = 2219 ; free virtual = 8900
INFO: [Project 1-111] Unisim Transformation Summary:
  A total of 2048 instances were transformed.
  RAM256X1S => RAM256X1S (MUXF7(x2), MUXF8, RAMS64E(x4)): 2048 instances

INFO: [Common 17-83] Releasing license: Synthesis
17 Infos, 1 Warnings, 0 Critical Warnings and 0 Errors encountered.
synth_design completed successfully
synth_design: Time (s): cpu = 00:00:51 ; elapsed = 00:00:47 . Memory (MB): peak = 2398.520 ; gain = 116.617 ; free physical = 2363 ; free virtual = 9045
INFO: [Common 17-1381] The checkpoint '/home/richard/Vivado/practica6/practica6.runs/synth_1/BRAM_LUT.dcp' has been generated.
INFO: [runtcl-4] Executing : report_utilization -file BRAM_LUT_utilization_synth.rpt -pb BRAM_LUT_utilization_synth.pb
INFO: [Common 17-206] Exiting Vivado at Sun Mar 28 18:42:49 2021...
